RPG-Unity-main/Temp/gradleOut/launcher/build/intermediates/manifest_merge_blame_file/release/manifest-merger-blame-release-report.txt
1<?xml version="1.0" encoding="utf-8"?>
2<!-- GENERATED BY UNITY. REMOVE THIS COMMENT TO PREVENT OVERWRITING WHEN EXPORTING AGAIN -->
3<manifest xmlns:android="http://schemas.android.com/apk/res/android"
4    package="com.DefaultCompany.RPGGAME"
5    android:installLocation="preferExternal"
6    android:versionCode="1"
7    android:versionName="0.1" >
8
9    <uses-sdk
10        android:minSdkVersion="19"
10-->src/main/AndroidManifest.xml
11        android:targetSdkVersion="29" />
11-->src/main/AndroidManifest.xml
12
13    <supports-screens
13-->src/main/AndroidManifest.xml:4:3-163
14        android:anyDensity="true"
14-->src/main/AndroidManifest.xml:4:135-160
15        android:largeScreens="true"
15-->src/main/AndroidManifest.xml:4:78-105
16        android:normalScreens="true"
16-->src/main/AndroidManifest.xml:4:49-77
17        android:smallScreens="true"
17-->src/main/AndroidManifest.xml:4:21-48
18        android:xlargeScreens="true" />
18-->src/main/AndroidManifest.xml:4:106-134
19
20    <uses-feature android:glEsVersion="0x00020000" />
20-->[:unityLibrary] AndroidManifest.xml:13:5-54
20-->[:unityLibrary] AndroidManifest.xml:13:19-51
21
22    <uses-permission android:name="android.permission.INTERNET" />
22-->[:unityLibrary] AndroidManifest.xml:15:5-67
22-->[:unityLibrary] AndroidManifest.xml:15:22-64
23
24    <uses-feature
24-->[:unityLibrary] AndroidManifest.xml:17:5-19:36
25        android:name="android.hardware.touchscreen"
25-->[:unityLibrary] AndroidManifest.xml:18:9-52
26        android:required="false" />
26-->[:unityLibrary] AndroidManifest.xml:19:9-33
27    <uses-feature
27-->[:unityLibrary] AndroidManifest.xml:20:5-22:36
28        android:name="android.hardware.touchscreen.multitouch"
28-->[:unityLibrary] AndroidManifest.xml:21:9-63
29        android:required="false" />
29-->[:unityLibrary] AndroidManifest.xml:22:9-33
30    <uses-feature
30-->[:unityLibrary] AndroidManifest.xml:23:5-25:36
31        android:name="android.hardware.touchscreen.multitouch.distinct"
31-->[:unityLibrary] AndroidManifest.xml:24:9-72
32        android:required="false" />
32-->[:unityLibrary] AndroidManifest.xml:25:9-33
33
34    <application
34-->src/main/AndroidManifest.xml:5:3-154
35        android:banner="@drawable/app_banner"
35-->src/main/AndroidManifest.xml:5:114-151
36        android:extractNativeLibs="true"
36-->src/main/AndroidManifest.xml:5:16-48
37        android:icon="@mipmap/app_icon"
37-->src/main/AndroidManifest.xml:5:82-113
38        android:isGame="true"
38-->[:unityLibrary] AndroidManifest.xml:27:18-39
39        android:label="@string/app_name" >
39-->src/main/AndroidManifest.xml:5:49-81
40        <activity
40-->[:unityLibrary] AndroidManifest.xml:28:9-46:20
41            android:name="com.unity3d.player.UnityPlayerActivity"
41-->[:unityLibrary] AndroidManifest.xml:29:13-66
42            android:configChanges="mcc|mnc|locale|touchscreen|keyboard|keyboardHidden|navigation|orientation|screenLayout|uiMode|screenSize|smallestScreenSize|fontScale|layoutDirection|density"
42-->[:unityLibrary] AndroidManifest.xml:30:13-194
43            android:hardwareAccelerated="false"
43-->[:unityLibrary] AndroidManifest.xml:31:13-48
44            android:launchMode="singleTask"
44-->[:unityLibrary] AndroidManifest.xml:32:13-44
45            android:resizeableActivity="false"
45-->[:unityLibrary] AndroidManifest.xml:33:13-47
46            android:screenOrientation="reverseLandscape"
46-->[:unityLibrary] AndroidManifest.xml:34:13-57
47            android:theme="@style/UnityThemeSelector" >
47-->[:unityLibrary] AndroidManifest.xml:35:13-54
48            <intent-filter>
48-->[:unityLibrary] AndroidManifest.xml:36:13-41:29
49                <action android:name="android.intent.action.MAIN" />
49-->[:unityLibrary] AndroidManifest.xml:37:17-69
49-->[:unityLibrary] AndroidManifest.xml:37:25-66
50
51                <category android:name="android.intent.category.LAUNCHER" />
51-->[:unityLibrary] AndroidManifest.xml:39:17-77
51-->[:unityLibrary] AndroidManifest.xml:39:27-74
52                <category android:name="android.intent.category.LEANBACK_LAUNCHER" />
52-->[:unityLibrary] AndroidManifest.xml:40:17-86
52-->[:unityLibrary] AndroidManifest.xml:40:27-83
53            </intent-filter>
54
55            <meta-data
55-->[:unityLibrary] AndroidManifest.xml:43:13-45:40
56                android:name="unityplayer.UnityActivity"
56-->[:unityLibrary] AndroidManifest.xml:44:17-57
57                android:value="true" />
57-->[:unityLibrary] AndroidManifest.xml:45:17-37
58        </activity>
59
60        <meta-data
60-->[:unityLibrary] AndroidManifest.xml:48:9-50:33
61            android:name="unity.splash-mode"
61-->[:unityLibrary] AndroidManifest.xml:49:13-45
62            android:value="0" />
62-->[:unityLibrary] AndroidManifest.xml:50:13-30
63        <meta-data
63-->[:unityLibrary] AndroidManifest.xml:51:9-53:36
64            android:name="unity.splash-enable"
64-->[:unityLibrary] AndroidManifest.xml:52:13-47
65            android:value="True" />
65-->[:unityLibrary] AndroidManifest.xml:53:13-33
66        <meta-data
66-->[:unityLibrary] AndroidManifest.xml:54:9-56:37
67            android:name="unity.allow-resizable-window"
67-->[:unityLibrary] AndroidManifest.xml:55:13-56
68            android:value="False" />
68-->[:unityLibrary] AndroidManifest.xml:56:13-34
69        <meta-data
69-->[:unityLibrary] AndroidManifest.xml:57:9-59:68
70            android:name="unity.build-id"
70-->[:unityLibrary] AndroidManifest.xml:58:13-42
71            android:value="8ad49957-3c82-41c7-ae8e-d4ee8c0e2d99" />
71-->[:unityLibrary] AndroidManifest.xml:59:13-65
72    </application>
73
74</manifest>